<?xml version="1.0" encoding="UTF-8"?>
<testng-results ignored="0" total="2" passed="2" failed="0" skipped="0">
  <reporter-output>
  </reporter-output>
  <suite started-at="2023-08-07T16:11:49 IST" name="Suite" finished-at="2023-08-07T16:11:49 IST" duration-ms="65">
    <groups>
    </groups>
    <test started-at="2023-08-07T16:11:49 IST" name="Test" finished-at="2023-08-07T16:11:49 IST" duration-ms="65">
      <class name="test.day1">
        <test-method signature="Demo()[pri:0, instance:test.day1@16610890]" started-at="2023-08-07T16:11:49 IST" name="Demo" finished-at="2023-08-07T16:11:49 IST" duration-ms="10" status="PASS">
          <reporter-output>
          </reporter-output>
        </test-method> <!-- Demo -->
        <test-method signature="Demo1()[pri:0, instance:test.day1@16610890]" started-at="2023-08-07T16:11:49 IST" name="Demo1" finished-at="2023-08-07T16:11:49 IST" duration-ms="2" status="PASS">
          <reporter-output>
          </reporter-output>
        </test-method> <!-- Demo1 -->
      </class> <!-- test.day1 -->
    </test> <!-- Test -->
  </suite> <!-- Suite -->
</testng-results>
